<?xml version="1.0" encoding="UTF-8"?>
<testsuites name="jest tests" tests="7" failures="0" time="2.109">
  <testsuite name="undefined" errors="0" failures="0" skipped="0" timestamp="2021-05-08T19:35:01" time="1.572" tests="7">
    <testcase classname=" initial UI is rendered as expected" name=" initial UI is rendered as expected" time="0.035">
    </testcase>
    <testcase classname=" + operation works" name=" + operation works" time="0.021">
    </testcase>
    <testcase classname=" - operation works" name=" - operation works" time="0.016">
    </testcase>
    <testcase classname=" * operation works" name=" * operation works" time="0.012">
    </testcase>
    <testcase classname=" / operation works" name=" / operation works" time="0.01">
    </testcase>
    <testcase classname=" total operations count is maintained" name=" total operations count is maintained" time="0.021">
    </testcase>
    <testcase classname=" Reset button works" name=" Reset button works" time="0.01">
    </testcase>
  </testsuite>
</testsuites>